2020-05-12 13:43:17.296 [info] <0.44.0> Application lager started on node nonode@nohost
2020-05-12 13:43:17.330 [info] <0.44.0> Application xmerl started on node nonode@nohost
2020-05-12 13:43:17.410 [info] <0.44.0> Application sasl started on node nonode@nohost
2020-05-12 13:43:17.437 [info] <0.44.0> Application tools started on node nonode@nohost
2020-05-12 13:43:17.447 [info] <0.44.0> Application jsx started on node nonode@nohost
2020-05-12 13:43:17.491 [info] <0.44.0> Application ranch started on node nonode@nohost
2020-05-12 13:43:17.501 [info] <0.44.0> Application recon started on node nonode@nohost
2020-05-12 13:43:17.858 [info] <0.44.0> Application credentials_obfuscation started on node nonode@nohost
2020-05-12 13:43:17.859 [info] <0.44.0> Application rabbit_common started on node nonode@nohost
2020-05-12 13:43:17.871 [info] <0.44.0> Application amqp_client started on node nonode@nohost
2020-05-12 13:43:17.875 [info] <0.44.0> Application amqp started on node nonode@nohost
2020-05-12 13:43:17.887 [info] <0.44.0> Application poison started on node nonode@nohost
2020-05-12 13:43:17.901 [info] <0.44.0> Application cowlib started on node nonode@nohost
2020-05-12 13:43:17.933 [info] <0.44.0> Application cowboy started on node nonode@nohost
2020-05-12 13:43:17.952 [info] <0.44.0> Application connection started on node nonode@nohost
2020-05-12 13:43:17.963 [info] <0.44.0> Application decimal started on node nonode@nohost
2020-05-12 13:43:17.987 [info] <0.44.0> Application db_connection started on node nonode@nohost
2020-05-12 13:43:18.007 [info] <0.44.0> Application postgrex started on node nonode@nohost
2020-05-12 13:43:18.036 [info] <0.44.0> Application eex started on node nonode@nohost
2020-05-12 13:43:18.082 [info] <0.44.0> Application telemetry started on node nonode@nohost
2020-05-12 13:43:18.096 [info] <0.44.0> Application ecto started on node nonode@nohost
2020-05-12 13:43:18.098 [info] <0.44.0> Application ecto_sql started on node nonode@nohost
2020-05-12 13:43:18.384 [info] <0.44.0> Application jose started on node nonode@nohost
2020-05-12 13:43:18.385 [info] <0.44.0> Application joken started on node nonode@nohost
2020-05-12 13:43:18.407 [info] <0.44.0> Application mime started on node nonode@nohost
2020-05-12 13:43:18.412 [info] <0.44.0> Application plug_crypto started on node nonode@nohost
2020-05-12 13:43:18.416 [info] <0.44.0> Application plug started on node nonode@nohost
2020-05-12 13:43:18.421 [info] <0.44.0> Application plug_cowboy started on node nonode@nohost
2020-05-12 13:43:18.423 [info] <0.44.0> Application jsonapi started on node nonode@nohost
2020-05-12 13:43:18.531 [error] <0.476.0> Supervisor 'Elixir.Conference.Supervisor' had child 'Elixir.Conference.Consumer' started with 'Elixir.Conference.Consumer':start_link([]) at undefined exit with reason {'EXIT',{undef,[{'Elixir.Conference.Consumer',start_link,[[]],[]},{supervisor,do_start_child_i,3,[{file,"supervisor.erl"},{line,379}]},{supervisor,do_start_child,2,[{file,"supervisor.erl"},{line,365}]},{supervisor,'-start_children/2-fun-0-',3,[{file,"supervisor.erl"},{line,349}]},{supervisor,children_map,4,[{file,"supervisor.erl"},{line,1157}]},{supervisor,init_children,2,[{file,"supervisor.erl"},{line,315}]},{gen_server,init_it,2,[{file,"gen_server.erl"},{line,374}]},{gen_server,init_it,6,[...]}]}} in context start_error
2020-05-12 13:43:18.532 [error] <0.474.0> CRASH REPORT Process <0.474.0> with 0 neighbours exited with reason: {{shutdown,{failed_to_start_child,'Elixir.Conference.Consumer',{'EXIT',{undef,[{'Elixir.Conference.Consumer',start_link,[[]],[]},{supervisor,do_start_child_i,3,[{file,"supervisor.erl"},{line,379}]},{supervisor,do_start_child,2,[{file,"supervisor.erl"},{line,365}]},{supervisor,'-start_children/2-fun-0-',3,[{file,"supervisor.erl"},{line,349}]},{supervisor,children_map,4,[{file,"supervisor.erl"},{line,1157}]},{supervisor,init_children,2,[{file,"supervisor.erl"},{line,315}]},{gen_server,init_it,...},...]}}}},...} in application_master:init/4 line 138
2020-05-12 14:52:46.175 [info] <0.44.0> Application lager started on node nonode@nohost
2020-05-12 14:52:46.189 [info] <0.44.0> Application xmerl started on node nonode@nohost
2020-05-12 14:52:46.214 [info] <0.44.0> Application sasl started on node nonode@nohost
2020-05-12 14:52:46.226 [info] <0.44.0> Application tools started on node nonode@nohost
2020-05-12 14:52:46.231 [info] <0.44.0> Application jsx started on node nonode@nohost
2020-05-12 14:52:46.243 [info] <0.44.0> Application ranch started on node nonode@nohost
2020-05-12 14:52:46.248 [info] <0.44.0> Application recon started on node nonode@nohost
2020-05-12 14:52:46.389 [info] <0.44.0> Application credentials_obfuscation started on node nonode@nohost
2020-05-12 14:52:46.389 [info] <0.44.0> Application rabbit_common started on node nonode@nohost
2020-05-12 14:52:46.396 [info] <0.44.0> Application amqp_client started on node nonode@nohost
2020-05-12 14:52:46.399 [info] <0.44.0> Application amqp started on node nonode@nohost
2020-05-12 14:52:46.405 [info] <0.44.0> Application poison started on node nonode@nohost
2020-05-12 14:52:46.414 [info] <0.44.0> Application cowlib started on node nonode@nohost
2020-05-12 14:52:46.417 [info] <0.44.0> Application cowboy started on node nonode@nohost
2020-05-12 14:52:46.428 [info] <0.44.0> Application connection started on node nonode@nohost
2020-05-12 14:52:46.434 [info] <0.44.0> Application decimal started on node nonode@nohost
2020-05-12 14:52:46.448 [info] <0.44.0> Application db_connection started on node nonode@nohost
2020-05-12 14:52:46.459 [info] <0.44.0> Application postgrex started on node nonode@nohost
2020-05-12 14:52:46.470 [info] <0.44.0> Application eex started on node nonode@nohost
2020-05-12 14:52:46.481 [info] <0.44.0> Application telemetry started on node nonode@nohost
2020-05-12 14:52:46.488 [info] <0.44.0> Application ecto started on node nonode@nohost
2020-05-12 14:52:46.490 [info] <0.44.0> Application ecto_sql started on node nonode@nohost
2020-05-12 14:52:46.587 [info] <0.44.0> Application jose started on node nonode@nohost
2020-05-12 14:52:46.587 [info] <0.44.0> Application joken started on node nonode@nohost
2020-05-12 14:52:46.600 [info] <0.44.0> Application mime started on node nonode@nohost
2020-05-12 14:52:46.602 [info] <0.44.0> Application plug_crypto started on node nonode@nohost
2020-05-12 14:52:46.605 [info] <0.44.0> Application plug started on node nonode@nohost
2020-05-12 14:52:46.608 [info] <0.44.0> Application plug_cowboy started on node nonode@nohost
2020-05-12 14:52:46.609 [info] <0.44.0> Application jsonapi started on node nonode@nohost
2020-05-12 14:52:46.643 [error] <0.393.0> Supervisor 'Elixir.Conference.Supervisor' had child 'Elixir.Conference.Consumer' started with 'Elixir.Conference.Consumer':start_link([]) at undefined exit with reason {'EXIT',{undef,[{'Elixir.Conference.Consumer',start_link,[[]],[]},{supervisor,do_start_child_i,3,[{file,"supervisor.erl"},{line,379}]},{supervisor,do_start_child,2,[{file,"supervisor.erl"},{line,365}]},{supervisor,'-start_children/2-fun-0-',3,[{file,"supervisor.erl"},{line,349}]},{supervisor,children_map,4,[{file,"supervisor.erl"},{line,1157}]},{supervisor,init_children,2,[{file,"supervisor.erl"},{line,315}]},{gen_server,init_it,2,[{file,"gen_server.erl"},{line,374}]},{gen_server,init_it,6,[...]}]}} in context start_error
2020-05-12 14:52:46.644 [error] <0.391.0> CRASH REPORT Process <0.391.0> with 0 neighbours exited with reason: {{shutdown,{failed_to_start_child,'Elixir.Conference.Consumer',{'EXIT',{undef,[{'Elixir.Conference.Consumer',start_link,[[]],[]},{supervisor,do_start_child_i,3,[{file,"supervisor.erl"},{line,379}]},{supervisor,do_start_child,2,[{file,"supervisor.erl"},{line,365}]},{supervisor,'-start_children/2-fun-0-',3,[{file,"supervisor.erl"},{line,349}]},{supervisor,children_map,4,[{file,"supervisor.erl"},{line,1157}]},{supervisor,init_children,2,[{file,"supervisor.erl"},{line,315}]},{gen_server,init_it,...},...]}}}},...} in application_master:init/4 line 138
2020-05-12 15:04:35.358 [info] <0.44.0> Application lager started on node nonode@nohost
2020-05-12 15:04:35.371 [info] <0.44.0> Application xmerl started on node nonode@nohost
2020-05-12 15:04:35.397 [info] <0.44.0> Application sasl started on node nonode@nohost
2020-05-12 15:04:35.408 [info] <0.44.0> Application tools started on node nonode@nohost
2020-05-12 15:04:35.414 [info] <0.44.0> Application jsx started on node nonode@nohost
2020-05-12 15:04:35.426 [info] <0.44.0> Application ranch started on node nonode@nohost
2020-05-12 15:04:35.432 [info] <0.44.0> Application recon started on node nonode@nohost
2020-05-12 15:04:35.574 [info] <0.44.0> Application credentials_obfuscation started on node nonode@nohost
2020-05-12 15:04:35.574 [info] <0.44.0> Application rabbit_common started on node nonode@nohost
2020-05-12 15:04:35.581 [info] <0.44.0> Application amqp_client started on node nonode@nohost
2020-05-12 15:04:35.585 [info] <0.44.0> Application amqp started on node nonode@nohost
2020-05-12 15:04:35.592 [info] <0.44.0> Application poison started on node nonode@nohost
2020-05-12 15:04:35.600 [info] <0.44.0> Application cowlib started on node nonode@nohost
2020-05-12 15:04:35.606 [info] <0.44.0> Application cowboy started on node nonode@nohost
2020-05-12 15:04:35.617 [info] <0.44.0> Application connection started on node nonode@nohost
2020-05-12 15:04:35.624 [info] <0.44.0> Application decimal started on node nonode@nohost
2020-05-12 15:04:35.639 [info] <0.44.0> Application db_connection started on node nonode@nohost
2020-05-12 15:04:35.651 [info] <0.44.0> Application postgrex started on node nonode@nohost
2020-05-12 15:04:35.664 [info] <0.44.0> Application eex started on node nonode@nohost
2020-05-12 15:04:35.675 [info] <0.44.0> Application telemetry started on node nonode@nohost
2020-05-12 15:04:35.684 [info] <0.44.0> Application ecto started on node nonode@nohost
2020-05-12 15:04:35.685 [info] <0.44.0> Application ecto_sql started on node nonode@nohost
2020-05-12 15:04:35.783 [info] <0.44.0> Application jose started on node nonode@nohost
2020-05-12 15:04:35.783 [info] <0.44.0> Application joken started on node nonode@nohost
2020-05-12 15:04:35.795 [info] <0.44.0> Application mime started on node nonode@nohost
2020-05-12 15:04:35.801 [info] <0.44.0> Application plug_crypto started on node nonode@nohost
2020-05-12 15:04:35.805 [info] <0.44.0> Application plug started on node nonode@nohost
2020-05-12 15:04:35.808 [info] <0.44.0> Application plug_cowboy started on node nonode@nohost
2020-05-12 15:04:35.809 [info] <0.44.0> Application jsonapi started on node nonode@nohost
2020-05-12 15:04:36.092 [info] <0.44.0> Application conference started on node nonode@nohost
2020-05-12 16:32:18.970 [info] <0.44.0> Application lager started on node nonode@nohost
2020-05-12 16:32:18.995 [info] <0.44.0> Application xmerl started on node nonode@nohost
2020-05-12 16:32:19.041 [info] <0.44.0> Application sasl started on node nonode@nohost
2020-05-12 16:32:19.060 [info] <0.44.0> Application tools started on node nonode@nohost
2020-05-12 16:32:19.070 [info] <0.44.0> Application jsx started on node nonode@nohost
2020-05-12 16:32:19.088 [info] <0.44.0> Application ranch started on node nonode@nohost
2020-05-12 16:32:19.099 [info] <0.44.0> Application recon started on node nonode@nohost
2020-05-12 16:32:19.362 [info] <0.44.0> Application credentials_obfuscation started on node nonode@nohost
2020-05-12 16:32:19.362 [info] <0.44.0> Application rabbit_common started on node nonode@nohost
2020-05-12 16:32:19.380 [info] <0.44.0> Application amqp_client started on node nonode@nohost
2020-05-12 16:32:19.384 [info] <0.44.0> Application amqp started on node nonode@nohost
2020-05-12 16:32:19.394 [info] <0.44.0> Application poison started on node nonode@nohost
2020-05-12 16:32:19.409 [info] <0.44.0> Application cowlib started on node nonode@nohost
2020-05-12 16:32:19.416 [info] <0.44.0> Application cowboy started on node nonode@nohost
2020-05-12 16:32:19.435 [info] <0.44.0> Application connection started on node nonode@nohost
2020-05-12 16:32:19.447 [info] <0.44.0> Application decimal started on node nonode@nohost
2020-05-12 16:32:19.470 [info] <0.44.0> Application db_connection started on node nonode@nohost
2020-05-12 16:32:19.488 [info] <0.44.0> Application postgrex started on node nonode@nohost
2020-05-12 16:32:19.509 [info] <0.44.0> Application eex started on node nonode@nohost
2020-05-12 16:32:19.528 [info] <0.44.0> Application telemetry started on node nonode@nohost
2020-05-12 16:32:19.543 [info] <0.44.0> Application ecto started on node nonode@nohost
2020-05-12 16:32:19.545 [info] <0.44.0> Application ecto_sql started on node nonode@nohost
2020-05-12 16:32:19.712 [info] <0.44.0> Application jose started on node nonode@nohost
2020-05-12 16:32:19.712 [info] <0.44.0> Application joken started on node nonode@nohost
2020-05-12 16:32:19.735 [info] <0.44.0> Application mime started on node nonode@nohost
2020-05-12 16:32:19.740 [info] <0.44.0> Application plug_crypto started on node nonode@nohost
2020-05-12 16:32:19.746 [info] <0.44.0> Application plug started on node nonode@nohost
2020-05-12 16:32:19.750 [info] <0.44.0> Application plug_cowboy started on node nonode@nohost
2020-05-12 16:32:19.752 [info] <0.44.0> Application jsonapi started on node nonode@nohost
2020-05-12 16:32:19.806 [error] <0.387.0> Failed to start Ranch listener 'Elixir.Conference.Plug.Router.HTTP' in ranch_tcp:listen([{cacerts,'...'},{key,'...'},{cert,'...'},{port,4000}]) for reason eaddrinuse (address already in use)
2020-05-12 16:32:19.812 [error] <0.387.0> CRASH REPORT Process <0.387.0> with 0 neighbours exited with reason: {listen_error,'Elixir.Conference.Plug.Router.HTTP',eaddrinuse} in ranch_acceptors_sup:listen_error/5 line 66
2020-05-12 16:32:19.812 [error] <0.385.0> Supervisor {<0.385.0>,ranch_listener_sup} had child ranch_acceptors_sup started with ranch_acceptors_sup:start_link('Elixir.Conference.Plug.Router.HTTP', ranch_tcp) at undefined exit with reason {listen_error,'Elixir.Conference.Plug.Router.HTTP',eaddrinuse} in context start_error
2020-05-12 16:35:38.107 [info] <0.44.0> Application lager started on node nonode@nohost
2020-05-12 16:35:38.132 [info] <0.44.0> Application xmerl started on node nonode@nohost
2020-05-12 16:35:38.176 [info] <0.44.0> Application sasl started on node nonode@nohost
2020-05-12 16:35:38.196 [info] <0.44.0> Application tools started on node nonode@nohost
2020-05-12 16:35:38.206 [info] <0.44.0> Application jsx started on node nonode@nohost
2020-05-12 16:35:38.225 [info] <0.44.0> Application ranch started on node nonode@nohost
2020-05-12 16:35:38.236 [info] <0.44.0> Application recon started on node nonode@nohost
2020-05-12 16:35:38.490 [info] <0.44.0> Application credentials_obfuscation started on node nonode@nohost
2020-05-12 16:35:38.490 [info] <0.44.0> Application rabbit_common started on node nonode@nohost
2020-05-12 16:35:38.502 [info] <0.44.0> Application amqp_client started on node nonode@nohost
2020-05-12 16:35:38.512 [info] <0.44.0> Application amqp started on node nonode@nohost
2020-05-12 16:35:38.522 [info] <0.44.0> Application poison started on node nonode@nohost
2020-05-12 16:35:38.538 [info] <0.44.0> Application cowlib started on node nonode@nohost
2020-05-12 16:35:38.544 [info] <0.44.0> Application cowboy started on node nonode@nohost
2020-05-12 16:35:38.564 [info] <0.44.0> Application connection started on node nonode@nohost
2020-05-12 16:35:38.579 [info] <0.44.0> Application decimal started on node nonode@nohost
2020-05-12 16:35:38.602 [info] <0.44.0> Application db_connection started on node nonode@nohost
2020-05-12 16:35:38.622 [info] <0.44.0> Application postgrex started on node nonode@nohost
2020-05-12 16:35:38.643 [info] <0.44.0> Application eex started on node nonode@nohost
2020-05-12 16:35:38.661 [info] <0.44.0> Application telemetry started on node nonode@nohost
2020-05-12 16:35:38.679 [info] <0.44.0> Application ecto started on node nonode@nohost
2020-05-12 16:35:38.681 [info] <0.44.0> Application ecto_sql started on node nonode@nohost
2020-05-12 16:35:38.850 [info] <0.44.0> Application jose started on node nonode@nohost
2020-05-12 16:35:38.850 [info] <0.44.0> Application joken started on node nonode@nohost
2020-05-12 16:35:38.873 [info] <0.44.0> Application mime started on node nonode@nohost
2020-05-12 16:35:38.878 [info] <0.44.0> Application plug_crypto started on node nonode@nohost
2020-05-12 16:35:38.885 [info] <0.44.0> Application plug started on node nonode@nohost
2020-05-12 16:35:38.888 [info] <0.44.0> Application plug_cowboy started on node nonode@nohost
2020-05-12 16:35:38.890 [info] <0.44.0> Application jsonapi started on node nonode@nohost
2020-05-12 16:35:38.942 [error] <0.386.0> Failed to start Ranch listener 'Elixir.Conference.Plug.Router.HTTP' in ranch_tcp:listen([{cacerts,'...'},{key,'...'},{cert,'...'},{port,4000}]) for reason eaddrinuse (address already in use)
2020-05-12 16:35:38.948 [error] <0.386.0> CRASH REPORT Process <0.386.0> with 0 neighbours exited with reason: {listen_error,'Elixir.Conference.Plug.Router.HTTP',eaddrinuse} in ranch_acceptors_sup:listen_error/5 line 66
2020-05-12 16:35:38.948 [error] <0.384.0> Supervisor {<0.384.0>,ranch_listener_sup} had child ranch_acceptors_sup started with ranch_acceptors_sup:start_link('Elixir.Conference.Plug.Router.HTTP', ranch_tcp) at undefined exit with reason {listen_error,'Elixir.Conference.Plug.Router.HTTP',eaddrinuse} in context start_error
2020-05-12 16:35:38.949 [error] <0.383.0> Supervisor 'Elixir.Conference.Supervisor' had child {ranch_listener_sup,'Elixir.Conference.Plug.Router.HTTP'} started with ranch_listener_sup:start_link('Elixir.Conference.Plug.Router.HTTP', ranch_tcp, #{max_connections => 16384,num_acceptors => 100,socket_opts => [{port,4000}]}, cowboy_clear, #{env => #{dispatch => [{'_',[],[{'_',[],'Elixir.Plug.Cowboy.Handler',{'Elixir.Conference.Plug.Router',...}}]}]},...}) at undefined exit with reason {shutdown,{failed_to_start_child,ranch_acceptors_sup,{listen_error,'Elixir.Conference.Plug.Router.HTTP',eaddrinuse}}} in context start_error
2020-05-12 16:38:09.972 [info] <0.44.0> Application lager started on node nonode@nohost
2020-05-12 16:38:09.999 [info] <0.44.0> Application xmerl started on node nonode@nohost
2020-05-12 16:38:10.045 [info] <0.44.0> Application sasl started on node nonode@nohost
2020-05-12 16:38:10.065 [info] <0.44.0> Application tools started on node nonode@nohost
2020-05-12 16:38:10.075 [info] <0.44.0> Application jsx started on node nonode@nohost
2020-05-12 16:38:10.094 [info] <0.44.0> Application ranch started on node nonode@nohost
2020-05-12 16:38:10.104 [info] <0.44.0> Application recon started on node nonode@nohost
2020-05-12 16:38:10.363 [info] <0.44.0> Application credentials_obfuscation started on node nonode@nohost
2020-05-12 16:38:10.364 [info] <0.44.0> Application rabbit_common started on node nonode@nohost
2020-05-12 16:38:10.376 [info] <0.44.0> Application amqp_client started on node nonode@nohost
2020-05-12 16:38:10.380 [info] <0.44.0> Application amqp started on node nonode@nohost
2020-05-12 16:38:10.391 [info] <0.44.0> Application poison started on node nonode@nohost
2020-05-12 16:38:10.406 [info] <0.44.0> Application cowlib started on node nonode@nohost
2020-05-12 16:38:10.413 [info] <0.44.0> Application cowboy started on node nonode@nohost
2020-05-12 16:38:10.432 [info] <0.44.0> Application connection started on node nonode@nohost
2020-05-12 16:38:10.443 [info] <0.44.0> Application decimal started on node nonode@nohost
2020-05-12 16:38:10.467 [info] <0.44.0> Application db_connection started on node nonode@nohost
2020-05-12 16:38:10.486 [info] <0.44.0> Application postgrex started on node nonode@nohost
2020-05-12 16:38:10.509 [info] <0.44.0> Application eex started on node nonode@nohost
2020-05-12 16:38:10.529 [info] <0.44.0> Application telemetry started on node nonode@nohost
2020-05-12 16:38:10.544 [info] <0.44.0> Application ecto started on node nonode@nohost
2020-05-12 16:38:10.546 [info] <0.44.0> Application ecto_sql started on node nonode@nohost
2020-05-12 16:38:10.724 [info] <0.44.0> Application jose started on node nonode@nohost
2020-05-12 16:38:10.724 [info] <0.44.0> Application joken started on node nonode@nohost
2020-05-12 16:38:10.746 [info] <0.44.0> Application mime started on node nonode@nohost
2020-05-12 16:38:10.751 [info] <0.44.0> Application plug_crypto started on node nonode@nohost
2020-05-12 16:38:10.756 [info] <0.44.0> Application plug started on node nonode@nohost
2020-05-12 16:38:10.760 [info] <0.44.0> Application plug_cowboy started on node nonode@nohost
2020-05-12 16:38:10.762 [info] <0.44.0> Application jsonapi started on node nonode@nohost
2020-05-12 16:38:11.102 [info] <0.44.0> Application conference started on node nonode@nohost
2020-05-12 16:47:22.989 [info] <0.44.0> Application lager started on node nonode@nohost
2020-05-12 16:47:23.019 [info] <0.44.0> Application xmerl started on node nonode@nohost
2020-05-12 16:47:23.070 [info] <0.44.0> Application sasl started on node nonode@nohost
2020-05-12 16:47:23.092 [info] <0.44.0> Application tools started on node nonode@nohost
2020-05-12 16:47:23.104 [info] <0.44.0> Application jsx started on node nonode@nohost
2020-05-12 16:47:23.129 [info] <0.44.0> Application ranch started on node nonode@nohost
2020-05-12 16:47:23.143 [info] <0.44.0> Application recon started on node nonode@nohost
2020-05-12 16:47:23.421 [info] <0.44.0> Application credentials_obfuscation started on node nonode@nohost
2020-05-12 16:47:23.421 [info] <0.44.0> Application rabbit_common started on node nonode@nohost
2020-05-12 16:47:23.434 [info] <0.44.0> Application amqp_client started on node nonode@nohost
2020-05-12 16:47:23.438 [info] <0.44.0> Application amqp started on node nonode@nohost
2020-05-12 16:47:23.449 [info] <0.44.0> Application poison started on node nonode@nohost
2020-05-12 16:47:23.464 [info] <0.44.0> Application cowlib started on node nonode@nohost
2020-05-12 16:47:23.471 [info] <0.44.0> Application cowboy started on node nonode@nohost
2020-05-12 16:47:23.491 [info] <0.44.0> Application connection started on node nonode@nohost
2020-05-12 16:47:23.502 [info] <0.44.0> Application decimal started on node nonode@nohost
2020-05-12 16:47:23.525 [info] <0.44.0> Application db_connection started on node nonode@nohost
2020-05-12 16:47:23.545 [info] <0.44.0> Application postgrex started on node nonode@nohost
2020-05-12 16:47:23.566 [info] <0.44.0> Application eex started on node nonode@nohost
2020-05-12 16:47:23.584 [info] <0.44.0> Application telemetry started on node nonode@nohost
2020-05-12 16:47:23.601 [info] <0.44.0> Application ecto started on node nonode@nohost
2020-05-12 16:47:23.603 [info] <0.44.0> Application ecto_sql started on node nonode@nohost
2020-05-12 16:47:23.774 [info] <0.44.0> Application jose started on node nonode@nohost
2020-05-12 16:47:23.774 [info] <0.44.0> Application joken started on node nonode@nohost
2020-05-12 16:47:23.795 [info] <0.44.0> Application mime started on node nonode@nohost
2020-05-12 16:47:23.800 [info] <0.44.0> Application plug_crypto started on node nonode@nohost
2020-05-12 16:47:23.806 [info] <0.44.0> Application plug started on node nonode@nohost
2020-05-12 16:47:23.810 [info] <0.44.0> Application plug_cowboy started on node nonode@nohost
2020-05-12 16:47:23.812 [info] <0.44.0> Application jsonapi started on node nonode@nohost
2020-05-12 16:47:24.020 [error] <0.384.0> Supervisor 'Elixir.Conference.Supervisor' had child 'Elixir.Conference.Consumer' started with 'Elixir.Conference.Consumer':start_link([]) at undefined exit with reason {{shutdown,{server_initiated_close,406,<<"PRECONDITION_FAILED - inequivalent arg 'x-dead-letter-exchange' for queue 'gen_server_test_queue' in vhost '/': received none but current is the value '' of type 'longstr'">>}},{gen_server,call,[<0.502.0>,{call,{'queue.declare',0,<<"gen_server_test_queue">>,false,true,false,false,false,[]},none,<0.488.0>},60000]}} in context start_error
2020-05-12 16:51:48.771 [info] <0.44.0> Application lager started on node nonode@nohost
2020-05-12 16:51:48.797 [info] <0.44.0> Application xmerl started on node nonode@nohost
2020-05-12 16:51:48.844 [info] <0.44.0> Application sasl started on node nonode@nohost
2020-05-12 16:51:48.868 [info] <0.44.0> Application tools started on node nonode@nohost
2020-05-12 16:51:48.878 [info] <0.44.0> Application jsx started on node nonode@nohost
2020-05-12 16:51:48.898 [info] <0.44.0> Application ranch started on node nonode@nohost
2020-05-12 16:51:48.910 [info] <0.44.0> Application recon started on node nonode@nohost
2020-05-12 16:51:49.179 [info] <0.44.0> Application credentials_obfuscation started on node nonode@nohost
2020-05-12 16:51:49.179 [info] <0.44.0> Application rabbit_common started on node nonode@nohost
2020-05-12 16:51:49.192 [info] <0.44.0> Application amqp_client started on node nonode@nohost
2020-05-12 16:51:49.195 [info] <0.44.0> Application amqp started on node nonode@nohost
2020-05-12 16:51:49.207 [info] <0.44.0> Application poison started on node nonode@nohost
2020-05-12 16:51:49.224 [info] <0.44.0> Application cowlib started on node nonode@nohost
2020-05-12 16:51:49.231 [info] <0.44.0> Application cowboy started on node nonode@nohost
2020-05-12 16:51:49.252 [info] <0.44.0> Application connection started on node nonode@nohost
2020-05-12 16:51:49.265 [info] <0.44.0> Application decimal started on node nonode@nohost
2020-05-12 16:51:49.291 [info] <0.44.0> Application db_connection started on node nonode@nohost
2020-05-12 16:51:49.315 [info] <0.44.0> Application postgrex started on node nonode@nohost
2020-05-12 16:51:49.340 [info] <0.44.0> Application eex started on node nonode@nohost
2020-05-12 16:51:49.359 [info] <0.44.0> Application telemetry started on node nonode@nohost
2020-05-12 16:51:49.374 [info] <0.44.0> Application ecto started on node nonode@nohost
2020-05-12 16:51:49.376 [info] <0.44.0> Application ecto_sql started on node nonode@nohost
2020-05-12 16:51:49.549 [info] <0.44.0> Application jose started on node nonode@nohost
2020-05-12 16:51:49.549 [info] <0.44.0> Application joken started on node nonode@nohost
2020-05-12 16:51:49.571 [info] <0.44.0> Application mime started on node nonode@nohost
2020-05-12 16:51:49.576 [info] <0.44.0> Application plug_crypto started on node nonode@nohost
2020-05-12 16:51:49.581 [info] <0.44.0> Application plug started on node nonode@nohost
2020-05-12 16:51:49.586 [info] <0.44.0> Application plug_cowboy started on node nonode@nohost
2020-05-12 16:51:49.588 [info] <0.44.0> Application jsonapi started on node nonode@nohost
2020-05-12 16:51:49.800 [error] <0.488.0> CRASH REPORT Process <0.488.0> with 0 neighbours exited with reason: {{shutdown,{server_initiated_close,406,<<"PRECONDITION_FAILED - inequivalent arg 'x-dead-letter-exchange' for queue 'gen_server_test_queue' in vhost '/': received none but current is the value '' of type 'longstr'">>}},{gen_server,call,[<0.502.0>,{call,{'queue.declare',0,<<"gen_server_test_queue">>,false,true,false,false,false,[]},none,<0.488.0>},60000]}} in gen_server:call/3 line 223
2020-05-12 16:56:22.950 [info] <0.44.0> Application lager started on node nonode@nohost
2020-05-12 16:56:22.978 [info] <0.44.0> Application xmerl started on node nonode@nohost
2020-05-12 16:56:23.024 [info] <0.44.0> Application sasl started on node nonode@nohost
2020-05-12 16:56:23.043 [info] <0.44.0> Application tools started on node nonode@nohost
2020-05-12 16:56:23.053 [info] <0.44.0> Application jsx started on node nonode@nohost
2020-05-12 16:56:23.072 [info] <0.44.0> Application ranch started on node nonode@nohost
2020-05-12 16:56:23.082 [info] <0.44.0> Application recon started on node nonode@nohost
2020-05-12 16:56:23.338 [info] <0.44.0> Application credentials_obfuscation started on node nonode@nohost
2020-05-12 16:56:23.338 [info] <0.44.0> Application rabbit_common started on node nonode@nohost
2020-05-12 16:56:23.356 [info] <0.44.0> Application amqp_client started on node nonode@nohost
2020-05-12 16:56:23.360 [info] <0.44.0> Application amqp started on node nonode@nohost
2020-05-12 16:56:23.371 [info] <0.44.0> Application poison started on node nonode@nohost
2020-05-12 16:56:23.387 [info] <0.44.0> Application cowlib started on node nonode@nohost
2020-05-12 16:56:23.393 [info] <0.44.0> Application cowboy started on node nonode@nohost
2020-05-12 16:56:23.414 [info] <0.44.0> Application connection started on node nonode@nohost
2020-05-12 16:56:23.426 [info] <0.44.0> Application decimal started on node nonode@nohost
2020-05-12 16:56:23.453 [info] <0.44.0> Application db_connection started on node nonode@nohost
2020-05-12 16:56:23.476 [info] <0.44.0> Application postgrex started on node nonode@nohost
2020-05-12 16:56:23.498 [info] <0.44.0> Application eex started on node nonode@nohost
2020-05-12 16:56:23.517 [info] <0.44.0> Application telemetry started on node nonode@nohost
2020-05-12 16:56:23.536 [info] <0.44.0> Application ecto started on node nonode@nohost
2020-05-12 16:56:23.538 [info] <0.44.0> Application ecto_sql started on node nonode@nohost
2020-05-12 16:56:23.750 [info] <0.44.0> Application jose started on node nonode@nohost
2020-05-12 16:56:23.750 [info] <0.44.0> Application joken started on node nonode@nohost
2020-05-12 16:56:23.775 [info] <0.44.0> Application mime started on node nonode@nohost
2020-05-12 16:56:23.781 [info] <0.44.0> Application plug_crypto started on node nonode@nohost
2020-05-12 16:56:23.789 [info] <0.44.0> Application plug started on node nonode@nohost
2020-05-12 16:56:23.793 [info] <0.44.0> Application plug_cowboy started on node nonode@nohost
2020-05-12 16:56:23.795 [info] <0.44.0> Application jsonapi started on node nonode@nohost
2020-05-12 16:56:24.066 [error] <0.488.0> CRASH REPORT Process <0.488.0> with 0 neighbours exited with reason: {{shutdown,{server_initiated_close,406,<<"PRECONDITION_FAILED - inequivalent arg 'x-dead-letter-exchange' for queue 'gen_server_test_queue' in vhost '/': received none but current is the value '' of type 'longstr'">>}},{gen_server,call,[<0.502.0>,{call,{'queue.declare',0,<<"gen_server_test_queue">>,false,true,false,false,false,[]},none,<0.488.0>},60000]}} in gen_server:call/3 line 223
2020-05-12 16:57:51.697 [info] <0.44.0> Application lager started on node nonode@nohost
2020-05-12 16:57:51.721 [info] <0.44.0> Application xmerl started on node nonode@nohost
2020-05-12 16:57:51.764 [info] <0.44.0> Application sasl started on node nonode@nohost
2020-05-12 16:57:51.783 [info] <0.44.0> Application tools started on node nonode@nohost
2020-05-12 16:57:51.793 [info] <0.44.0> Application jsx started on node nonode@nohost
2020-05-12 16:57:51.813 [info] <0.44.0> Application ranch started on node nonode@nohost
2020-05-12 16:57:51.823 [info] <0.44.0> Application recon started on node nonode@nohost
2020-05-12 16:57:52.071 [info] <0.44.0> Application credentials_obfuscation started on node nonode@nohost
2020-05-12 16:57:52.071 [info] <0.44.0> Application rabbit_common started on node nonode@nohost
2020-05-12 16:57:52.082 [info] <0.44.0> Application amqp_client started on node nonode@nohost
2020-05-12 16:57:52.087 [info] <0.44.0> Application amqp started on node nonode@nohost
2020-05-12 16:57:52.098 [info] <0.44.0> Application poison started on node nonode@nohost
2020-05-12 16:57:52.116 [info] <0.44.0> Application cowlib started on node nonode@nohost
2020-05-12 16:57:52.122 [info] <0.44.0> Application cowboy started on node nonode@nohost
2020-05-12 16:57:52.141 [info] <0.44.0> Application connection started on node nonode@nohost
2020-05-12 16:57:52.152 [info] <0.44.0> Application decimal started on node nonode@nohost
2020-05-12 16:57:52.176 [info] <0.44.0> Application db_connection started on node nonode@nohost
2020-05-12 16:57:52.196 [info] <0.44.0> Application postgrex started on node nonode@nohost
2020-05-12 16:57:52.217 [info] <0.44.0> Application eex started on node nonode@nohost
2020-05-12 16:57:52.235 [info] <0.44.0> Application telemetry started on node nonode@nohost
2020-05-12 16:57:52.250 [info] <0.44.0> Application ecto started on node nonode@nohost
2020-05-12 16:57:52.252 [info] <0.44.0> Application ecto_sql started on node nonode@nohost
2020-05-12 16:57:52.421 [info] <0.44.0> Application jose started on node nonode@nohost
2020-05-12 16:57:52.421 [info] <0.44.0> Application joken started on node nonode@nohost
2020-05-12 16:57:52.443 [info] <0.44.0> Application mime started on node nonode@nohost
2020-05-12 16:57:52.448 [info] <0.44.0> Application plug_crypto started on node nonode@nohost
2020-05-12 16:57:52.453 [info] <0.44.0> Application plug started on node nonode@nohost
2020-05-12 16:57:52.458 [info] <0.44.0> Application plug_cowboy started on node nonode@nohost
2020-05-12 16:57:52.460 [info] <0.44.0> Application jsonapi started on node nonode@nohost
2020-05-12 16:57:52.665 [error] <0.384.0> Supervisor 'Elixir.Conference.Supervisor' had child 'Elixir.Conference.Consumer' started with 'Elixir.Conference.Consumer':start_link([]) at undefined exit with reason {{shutdown,{server_initiated_close,406,<<"PRECONDITION_FAILED - inequivalent arg 'x-dead-letter-exchange' for queue 'gen_server_test_queue' in vhost '/': received none but current is the value '' of type 'longstr'">>}},{gen_server,call,[<0.502.0>,{call,{'queue.declare',0,<<"gen_server_test_queue">>,false,true,false,false,false,[]},none,<0.488.0>},60000]}} in context start_error
2020-05-12 16:58:12.361 [info] <0.44.0> Application lager started on node nonode@nohost
2020-05-12 16:58:12.388 [info] <0.44.0> Application xmerl started on node nonode@nohost
2020-05-12 16:58:12.433 [info] <0.44.0> Application sasl started on node nonode@nohost
2020-05-12 16:58:12.453 [info] <0.44.0> Application tools started on node nonode@nohost
2020-05-12 16:58:12.464 [info] <0.44.0> Application jsx started on node nonode@nohost
2020-05-12 16:58:12.484 [info] <0.44.0> Application ranch started on node nonode@nohost
2020-05-12 16:58:12.496 [info] <0.44.0> Application recon started on node nonode@nohost
2020-05-12 16:58:12.779 [info] <0.44.0> Application credentials_obfuscation started on node nonode@nohost
2020-05-12 16:58:12.779 [info] <0.44.0> Application rabbit_common started on node nonode@nohost
2020-05-12 16:58:12.790 [info] <0.44.0> Application amqp_client started on node nonode@nohost
2020-05-12 16:58:12.795 [info] <0.44.0> Application amqp started on node nonode@nohost
2020-05-12 16:58:12.805 [info] <0.44.0> Application poison started on node nonode@nohost
2020-05-12 16:58:12.820 [info] <0.44.0> Application cowlib started on node nonode@nohost
2020-05-12 16:58:12.827 [info] <0.44.0> Application cowboy started on node nonode@nohost
2020-05-12 16:58:12.847 [info] <0.44.0> Application connection started on node nonode@nohost
2020-05-12 16:58:12.859 [info] <0.44.0> Application decimal started on node nonode@nohost
2020-05-12 16:58:12.884 [info] <0.44.0> Application db_connection started on node nonode@nohost
2020-05-12 16:58:12.906 [info] <0.44.0> Application postgrex started on node nonode@nohost
2020-05-12 16:58:12.929 [info] <0.44.0> Application eex started on node nonode@nohost
2020-05-12 16:58:12.953 [info] <0.44.0> Application telemetry started on node nonode@nohost
2020-05-12 16:58:12.974 [info] <0.44.0> Application ecto started on node nonode@nohost
2020-05-12 16:58:12.977 [info] <0.44.0> Application ecto_sql started on node nonode@nohost
2020-05-12 16:58:13.178 [info] <0.44.0> Application jose started on node nonode@nohost
2020-05-12 16:58:13.178 [info] <0.44.0> Application joken started on node nonode@nohost
2020-05-12 16:58:13.202 [info] <0.44.0> Application mime started on node nonode@nohost
2020-05-12 16:58:13.207 [info] <0.44.0> Application plug_crypto started on node nonode@nohost
2020-05-12 16:58:13.213 [info] <0.44.0> Application plug started on node nonode@nohost
2020-05-12 16:58:13.218 [info] <0.44.0> Application plug_cowboy started on node nonode@nohost
2020-05-12 16:58:13.220 [info] <0.44.0> Application jsonapi started on node nonode@nohost
2020-05-12 16:58:13.491 [error] <0.488.0> CRASH REPORT Process <0.488.0> with 0 neighbours exited with reason: {{shutdown,{server_initiated_close,406,<<"PRECONDITION_FAILED - inequivalent arg 'x-dead-letter-exchange' for queue 'gen_server_test_queue' in vhost '/': received none but current is the value '' of type 'longstr'">>}},{gen_server,call,[<0.502.0>,{call,{'queue.declare',0,<<"gen_server_test_queue">>,false,true,false,false,false,[]},none,<0.488.0>},60000]}} in gen_server:call/3 line 223
2020-05-12 16:58:13.492 [error] <0.384.0> Supervisor 'Elixir.Conference.Supervisor' had child 'Elixir.Conference.Consumer' started with 'Elixir.Conference.Consumer':start_link([]) at undefined exit with reason {{shutdown,{server_initiated_close,406,<<"PRECONDITION_FAILED - inequivalent arg 'x-dead-letter-exchange' for queue 'gen_server_test_queue' in vhost '/': received none but current is the value '' of type 'longstr'">>}},{gen_server,call,[<0.502.0>,{call,{'queue.declare',0,<<"gen_server_test_queue">>,false,true,false,false,false,[]},none,<0.488.0>},60000]}} in context start_error
2020-05-12 17:01:17.240 [info] <0.44.0> Application lager started on node nonode@nohost
2020-05-12 17:01:17.271 [info] <0.44.0> Application xmerl started on node nonode@nohost
2020-05-12 17:01:17.325 [info] <0.44.0> Application sasl started on node nonode@nohost
2020-05-12 17:01:17.347 [info] <0.44.0> Application tools started on node nonode@nohost
2020-05-12 17:01:17.360 [info] <0.44.0> Application jsx started on node nonode@nohost
2020-05-12 17:01:17.384 [info] <0.44.0> Application ranch started on node nonode@nohost
2020-05-12 17:01:17.397 [info] <0.44.0> Application recon started on node nonode@nohost
2020-05-12 17:01:17.673 [info] <0.44.0> Application credentials_obfuscation started on node nonode@nohost
2020-05-12 17:01:17.673 [info] <0.44.0> Application rabbit_common started on node nonode@nohost
2020-05-12 17:01:17.687 [info] <0.44.0> Application amqp_client started on node nonode@nohost
2020-05-12 17:01:17.691 [info] <0.44.0> Application amqp started on node nonode@nohost
2020-05-12 17:01:17.702 [info] <0.44.0> Application poison started on node nonode@nohost
2020-05-12 17:01:17.718 [info] <0.44.0> Application cowlib started on node nonode@nohost
2020-05-12 17:01:17.726 [info] <0.44.0> Application cowboy started on node nonode@nohost
2020-05-12 17:01:17.747 [info] <0.44.0> Application connection started on node nonode@nohost
2020-05-12 17:01:17.758 [info] <0.44.0> Application decimal started on node nonode@nohost
2020-05-12 17:01:17.782 [info] <0.44.0> Application db_connection started on node nonode@nohost
2020-05-12 17:01:17.805 [info] <0.44.0> Application postgrex started on node nonode@nohost
2020-05-12 17:01:17.827 [info] <0.44.0> Application eex started on node nonode@nohost
2020-05-12 17:01:17.845 [info] <0.44.0> Application telemetry started on node nonode@nohost
2020-05-12 17:01:17.860 [info] <0.44.0> Application ecto started on node nonode@nohost
2020-05-12 17:01:17.863 [info] <0.44.0> Application ecto_sql started on node nonode@nohost
2020-05-12 17:01:18.056 [info] <0.44.0> Application jose started on node nonode@nohost
2020-05-12 17:01:18.056 [info] <0.44.0> Application joken started on node nonode@nohost
2020-05-12 17:01:18.090 [info] <0.44.0> Application mime started on node nonode@nohost
2020-05-12 17:01:18.098 [info] <0.44.0> Application plug_crypto started on node nonode@nohost
2020-05-12 17:01:18.105 [info] <0.44.0> Application plug started on node nonode@nohost
2020-05-12 17:01:18.111 [info] <0.44.0> Application plug_cowboy started on node nonode@nohost
2020-05-12 17:01:18.115 [info] <0.44.0> Application jsonapi started on node nonode@nohost
2020-05-12 17:01:18.348 [error] <0.384.0> Supervisor 'Elixir.Conference.Supervisor' had child 'Elixir.Conference.Consumer' started with 'Elixir.Conference.Consumer':start_link([]) at undefined exit with reason {{shutdown,{server_initiated_close,406,<<"PRECONDITION_FAILED - inequivalent arg 'x-dead-letter-exchange' for queue 'gen_server_test_queue' in vhost '/': received none but current is the value '' of type 'longstr'">>}},{gen_server,call,[<0.502.0>,{call,{'queue.declare',0,<<"gen_server_test_queue">>,false,true,false,false,false,[]},none,<0.488.0>},60000]}} in context start_error
2020-05-12 17:01:18.349 [error] <0.488.0> CRASH REPORT Process <0.488.0> with 0 neighbours exited with reason: {{shutdown,{server_initiated_close,406,<<"PRECONDITION_FAILED - inequivalent arg 'x-dead-letter-exchange' for queue 'gen_server_test_queue' in vhost '/': received none but current is the value '' of type 'longstr'">>}},{gen_server,call,[<0.502.0>,{call,{'queue.declare',0,<<"gen_server_test_queue">>,false,true,false,false,false,[]},none,<0.488.0>},60000]}} in gen_server:call/3 line 223
2020-05-12 17:08:17.467 [info] <0.44.0> Application lager started on node nonode@nohost
2020-05-12 17:08:17.493 [info] <0.44.0> Application xmerl started on node nonode@nohost
2020-05-12 17:08:17.538 [info] <0.44.0> Application sasl started on node nonode@nohost
2020-05-12 17:08:17.557 [info] <0.44.0> Application tools started on node nonode@nohost
2020-05-12 17:08:17.568 [info] <0.44.0> Application jsx started on node nonode@nohost
2020-05-12 17:08:17.588 [info] <0.44.0> Application ranch started on node nonode@nohost
2020-05-12 17:08:17.599 [info] <0.44.0> Application recon started on node nonode@nohost
2020-05-12 17:08:17.859 [info] <0.44.0> Application credentials_obfuscation started on node nonode@nohost
2020-05-12 17:08:17.859 [info] <0.44.0> Application rabbit_common started on node nonode@nohost
2020-05-12 17:08:17.876 [info] <0.44.0> Application amqp_client started on node nonode@nohost
2020-05-12 17:08:17.879 [info] <0.44.0> Application amqp started on node nonode@nohost
2020-05-12 17:08:17.890 [info] <0.44.0> Application poison started on node nonode@nohost
2020-05-12 17:08:17.905 [info] <0.44.0> Application cowlib started on node nonode@nohost
2020-05-12 17:08:17.912 [info] <0.44.0> Application cowboy started on node nonode@nohost
2020-05-12 17:08:17.932 [info] <0.44.0> Application connection started on node nonode@nohost
2020-05-12 17:08:17.942 [info] <0.44.0> Application decimal started on node nonode@nohost
2020-05-12 17:08:17.964 [info] <0.44.0> Application db_connection started on node nonode@nohost
2020-05-12 17:08:17.985 [info] <0.44.0> Application postgrex started on node nonode@nohost
2020-05-12 17:08:18.006 [info] <0.44.0> Application eex started on node nonode@nohost
2020-05-12 17:08:18.025 [info] <0.44.0> Application telemetry started on node nonode@nohost
2020-05-12 17:08:18.040 [info] <0.44.0> Application ecto started on node nonode@nohost
2020-05-12 17:08:18.043 [info] <0.44.0> Application ecto_sql started on node nonode@nohost
2020-05-12 17:08:18.208 [info] <0.44.0> Application jose started on node nonode@nohost
2020-05-12 17:08:18.208 [info] <0.44.0> Application joken started on node nonode@nohost
2020-05-12 17:08:18.229 [info] <0.44.0> Application mime started on node nonode@nohost
2020-05-12 17:08:18.234 [info] <0.44.0> Application plug_crypto started on node nonode@nohost
2020-05-12 17:08:18.240 [info] <0.44.0> Application plug started on node nonode@nohost
2020-05-12 17:08:18.244 [info] <0.44.0> Application plug_cowboy started on node nonode@nohost
2020-05-12 17:08:18.246 [info] <0.44.0> Application jsonapi started on node nonode@nohost
2020-05-12 17:08:18.531 [info] <0.44.0> Application conference started on node nonode@nohost
2020-05-12 20:31:19.159 [info] <0.44.0> Application lager started on node nonode@nohost
2020-05-12 20:31:19.212 [info] <0.44.0> Application xmerl started on node nonode@nohost
2020-05-12 20:31:19.292 [info] <0.44.0> Application sasl started on node nonode@nohost
2020-05-12 20:31:19.323 [info] <0.44.0> Application tools started on node nonode@nohost
2020-05-12 20:31:19.334 [info] <0.44.0> Application jsx started on node nonode@nohost
2020-05-12 20:31:19.372 [info] <0.44.0> Application ranch started on node nonode@nohost
2020-05-12 20:31:19.399 [info] <0.44.0> Application recon started on node nonode@nohost
2020-05-12 20:31:19.771 [info] <0.44.0> Application credentials_obfuscation started on node nonode@nohost
2020-05-12 20:31:19.771 [info] <0.44.0> Application rabbit_common started on node nonode@nohost
2020-05-12 20:31:19.821 [info] <0.44.0> Application amqp_client started on node nonode@nohost
2020-05-12 20:31:19.842 [info] <0.44.0> Application amqp started on node nonode@nohost
2020-05-12 20:31:19.859 [info] <0.44.0> Application poison started on node nonode@nohost
2020-05-12 20:31:19.885 [info] <0.44.0> Application cowlib started on node nonode@nohost
2020-05-12 20:31:19.917 [info] <0.44.0> Application cowboy started on node nonode@nohost
2020-05-12 20:31:19.939 [info] <0.44.0> Application connection started on node nonode@nohost
2020-05-12 20:31:19.954 [info] <0.44.0> Application decimal started on node nonode@nohost
2020-05-12 20:31:20.025 [info] <0.44.0> Application db_connection started on node nonode@nohost
2020-05-12 20:31:20.115 [info] <0.44.0> Application postgrex started on node nonode@nohost
2020-05-12 20:31:20.155 [info] <0.44.0> Application eex started on node nonode@nohost
2020-05-12 20:31:20.212 [info] <0.44.0> Application telemetry started on node nonode@nohost
2020-05-12 20:31:20.240 [info] <0.44.0> Application ecto started on node nonode@nohost
2020-05-12 20:31:20.254 [info] <0.44.0> Application ecto_sql started on node nonode@nohost
2020-05-12 20:31:20.756 [info] <0.44.0> Application jose started on node nonode@nohost
2020-05-12 20:31:20.756 [info] <0.44.0> Application joken started on node nonode@nohost
2020-05-12 20:31:20.800 [info] <0.44.0> Application mime started on node nonode@nohost
2020-05-12 20:31:20.814 [info] <0.44.0> Application plug_crypto started on node nonode@nohost
2020-05-12 20:31:20.840 [info] <0.44.0> Application plug started on node nonode@nohost
2020-05-12 20:31:20.854 [info] <0.44.0> Application plug_cowboy started on node nonode@nohost
2020-05-12 20:31:20.857 [info] <0.44.0> Application jsonapi started on node nonode@nohost
2020-05-12 20:31:21.877 [info] <0.44.0> Application conference started on node nonode@nohost
2020-05-12 20:49:12.052 [error] <0.514.0> gen_server <0.514.0> terminated with reason: {socket_error,timeout}
2020-05-12 20:49:12.053 [error] <0.508.0> gen_server <0.508.0> terminated with reason: {socket_error,timeout}
2020-05-12 20:49:12.055 [error] <0.508.0> CRASH REPORT Process <0.508.0> with 0 neighbours exited with reason: {socket_error,timeout} in gen_server:handle_common_reply/8 line 751
2020-05-12 20:49:12.056 [error] <0.506.0> Supervisor {<0.506.0>,amqp_connection_sup} had child connection started with amqp_gen_connection:start_link(<0.507.0>, {amqp_params_network,<<"guest">>,<<"rV+WLu8hL+90XoVSWCdzLdCIFbR+lb0ua4urwf9bwa6zadzhEUDb9pydvqEKZW...">>,...}) at <0.508.0> exit with reason {socket_error,timeout} in context child_terminated
2020-05-12 20:49:12.057 [error] <0.506.0> Supervisor {<0.506.0>,amqp_connection_sup} had child connection started with amqp_gen_connection:start_link(<0.507.0>, {amqp_params_network,<<"guest">>,<<"rV+WLu8hL+90XoVSWCdzLdCIFbR+lb0ua4urwf9bwa6zadzhEUDb9pydvqEKZW...">>,...}) at <0.508.0> exit with reason reached_max_restart_intensity in context shutdown
